2017-01-09 09:41:37,332 INFO  [main] com.sap.jpaas.infrastructure.console.ConsoleLogger: Arguments:   --vm-id aed1404f-a8ff-469b-9baf-4cbc2f551e46 --account hcppm --host https://eu1.hana.ondemand.com --user i048564
2017-01-09 09:41:38,768 INFO  [main] com.sap.jpaas.infrastructure.console.ConsoleLogger: Starting execution of command [open-ssh-tunnel]
2017-01-09 09:41:39,456 INFO  [pool-2-thread-1] com.sap.jpaas.infrastructure.console.PropertyFileProvider: Loaded properties file [C:\Users\i048564\AppData\Local\Temp\sdkcheck.eu1.hana.ondemand.com.neo-java-web-tomcat7.2.65.5.tmp]
2017-01-09 09:41:39,462 INFO  [main] com.sap.jpaas.infrastructure.console.ConsoleLogger: Command [open-ssh-tunnel] init() finished for [693] ms
2017-01-09 09:42:44,065 INFO  [main] com.sap.jpaas.infrastructure.console.ConsoleLogger: Command [open-ssh-tunnel] cleanup() finished for [0] ms
2017-01-09 09:42:44,085 FATAL [main] com.sap.jpaas.infrastructure.console.ConsoleLogger: (!) ERROR: Connection timed out: connect
com.sap.jpaas.infrastructure.console.exception.CommandException: Connection timed out: connect
	at com.sap.cloud.sshtunnel.cmd.OpenSSHTunnelCommand.run(OpenSSHTunnelCommand.java:88)
	at com.sap.jpaas.infrastructure.console.CommandManager.run(CommandManager.java:183)
	at com.sap.jpaas.infrastructure.console.CommandManager.run(CommandManager.java:144)
	at com.sap.jpaas.infrastructure.console.ConsoleClient.executeCommand(ConsoleClient.java:236)
	at com.sap.jpaas.infrastructure.console.ConsoleClient.run(ConsoleClient.java:182)
	at com.sap.jpaas.infrastructure.console.ConsoleClient.main(ConsoleClient.java:79)
Caused by: java.net.ConnectException: Connection timed out: connect
	at java.net.DualStackPlainSocketImpl.connect0(Native Method)
	at java.net.DualStackPlainSocketImpl.socketConnect(DualStackPlainSocketImpl.java:79)
	at java.net.AbstractPlainSocketImpl.doConnect(AbstractPlainSocketImpl.java:350)
	at java.net.AbstractPlainSocketImpl.connectToAddress(AbstractPlainSocketImpl.java:206)
	at java.net.AbstractPlainSocketImpl.connect(AbstractPlainSocketImpl.java:188)
	at java.net.PlainSocketImpl.connect(PlainSocketImpl.java:172)
	at java.net.SocksSocketImpl.connect(SocksSocketImpl.java:392)
	at java.net.Socket.connect(Socket.java:589)
	at sun.security.ssl.SSLSocketImpl.connect(SSLSocketImpl.java:668)
	at org.apache.http.conn.ssl.SSLSocketFactory.connectSocket(SSLSocketFactory.java:524)
	at org.apache.http.conn.ssl.SSLSocketFactory.connectSocket(SSLSocketFactory.java:403)
	at org.apache.http.impl.conn.DefaultClientConnectionOperator.openConnection(DefaultClientConnectionOperator.java:177)
	at org.apache.http.impl.conn.AbstractPoolEntry.open(AbstractPoolEntry.java:144)
	at org.apache.http.impl.conn.AbstractPooledConnAdapter.open(AbstractPooledConnAdapter.java:131)
	at org.apache.http.impl.client.DefaultRequestDirector.tryConnect(DefaultRequestDirector.java:611)
	at org.apache.http.impl.client.DefaultRequestDirector.execute(DefaultRequestDirector.java:446)
	at org.apache.http.impl.client.AbstractHttpClient.doExecute(AbstractHttpClient.java:863)
	at org.apache.http.impl.client.CloseableHttpClient.execute(CloseableHttpClient.java:82)
	at org.apache.http.impl.client.CloseableHttpClient.execute(CloseableHttpClient.java:106)
	at org.apache.http.impl.client.CloseableHttpClient.execute(CloseableHttpClient.java:57)
	at com.sap.cloud.sshtunnel.client.SSHAdminClient.getConnectionInfo(SSHAdminClient.java:59)
	at com.sap.cloud.sshtunnel.cmd.OpenSSHTunnelCommand.getConnectionInfo(OpenSSHTunnelCommand.java:139)
	at com.sap.cloud.sshtunnel.cmd.OpenSSHTunnelCommand.run(OpenSSHTunnelCommand.java:76)
	... 5 more
