2017-01-09 08:40:43,032 INFO  [main] com.sap.jpaas.infrastructure.console.ConsoleLogger: Arguments:   --size x-small --name hcppm --account hcpappsprog --host https://ap1.hana.ondemand.com --user i048564
2017-01-09 08:40:45,289 INFO  [main] com.sap.jpaas.infrastructure.console.ConsoleLogger: Starting execution of command [create-vm]
2017-01-09 08:40:46,185 INFO  [pool-2-thread-1] com.sap.jpaas.infrastructure.console.ConsoleLogger: No SDK status file for your configuration was found. A version validity check will be performed.
2017-01-09 08:40:46,186 INFO  [pool-2-thread-1] com.sap.jpaas.infrastructure.console.ConsoleLogger: Currently running SDK version validity check for user SDK version: 2.99.12, landscape: ap1.hana.ondemand.com and runtime: neo-javaee6-wp
2017-01-09 08:40:49,316 ERROR [main] com.sap.jpaas.infrastructure.console.ConsoleLogger: Status cannot be obtained within 4 seconds!
2017-01-09 08:40:50,067 INFO  [main] com.sap.jpaas.infrastructure.console.ConsoleLogger: There is no tools page available on host https://ap1.hana.ondemand.com. The default tools page on host hana.ondemand.com will be used instead.
2017-01-09 08:40:50,069 INFO  [pool-3-thread-1] com.sap.jpaas.infrastructure.console.ConsoleLogger: No SDK status file for your configuration was found. A version validity check will be performed.
2017-01-09 08:40:50,070 INFO  [pool-3-thread-1] com.sap.jpaas.infrastructure.console.ConsoleLogger: Currently running SDK version validity check for user SDK version: 2.99.12, landscape: hana.ondemand.com and runtime: neo-javaee6-wp
2017-01-09 08:40:52,224 INFO  [pool-3-thread-1] com.sap.jpaas.infrastructure.console.ConsoleLogger: Attempting to create status file: C:\Users\i048564\AppData\Local\Temp\sdkcheck.hana.ondemand.com.neo-javaee6-wp.2.99.12.tmp
2017-01-09 08:40:52,226 INFO  [pool-3-thread-1] com.sap.jpaas.infrastructure.console.PropertyFileProvider: Loaded properties file [C:\Users\i048564\AppData\Local\Temp\sdkcheck.hana.ondemand.com.neo-javaee6-wp.2.99.12.tmp]
2017-01-09 08:40:52,236 INFO  [main] com.sap.jpaas.infrastructure.console.ConsoleLogger: Command [create-vm] init() finished for [6946] ms
2017-01-09 08:42:19,434 INFO  [main] com.sap.jpaas.infrastructure.console.ConsoleLogger: Command [create-vm] cleanup() finished for [0] ms
2017-01-09 08:42:19,441 FATAL [main] com.sap.jpaas.infrastructure.console.ConsoleLogger: (!) ERROR: There is no quota x-small defined for account hcpappsprog
com.sap.jpaas.infrastructure.console.exception.CommandException: There is no quota x-small defined for account hcpappsprog
	at com.sap.core.admin.server.domain.cmd.compute.CreateServerCommand.handleCommandException(CreateServerCommand.java:422)
	at com.sap.core.admin.server.domain.cmd.compute.CreateServerCommand.createServer(CreateServerCommand.java:131)
	at com.sap.core.admin.server.domain.cmd.compute.CreateServerCommand.run(CreateServerCommand.java:93)
	at com.sap.jpaas.infrastructure.console.CommandManager.run(CommandManager.java:183)
	at com.sap.jpaas.infrastructure.console.CommandManager.run(CommandManager.java:144)
	at com.sap.jpaas.infrastructure.console.ConsoleClient.executeCommand(ConsoleClient.java:236)
	at com.sap.jpaas.infrastructure.console.ConsoleClient.run(ConsoleClient.java:182)
	at com.sap.jpaas.infrastructure.console.ConsoleClient.main(ConsoleClient.java:79)
