2017-01-09 08:37:47,158 INFO  [main] com.sap.jpaas.infrastructure.console.ConsoleLogger: Arguments:   --size x-small --name hcppm --account hcpappsprog --host https://ap1.hana.ondemand.com --user i048564
2017-01-09 08:37:48,874 INFO  [main] com.sap.jpaas.infrastructure.console.ConsoleLogger: Starting execution of command [create-vm]
2017-01-09 08:37:51,072 INFO  [pool-2-thread-1] com.sap.jpaas.infrastructure.console.ConsoleLogger: No SDK status file for your configuration was found. A version validity check will be performed.
2017-01-09 08:37:51,073 INFO  [pool-2-thread-1] com.sap.jpaas.infrastructure.console.ConsoleLogger: Currently running SDK version validity check for user SDK version: 2.99.12, landscape: ap1.hana.ondemand.com and runtime: neo-javaee6-wp
2017-01-09 08:37:52,909 ERROR [main] com.sap.jpaas.infrastructure.console.ConsoleLogger: Status cannot be obtained within 4 seconds!
2017-01-09 08:38:21,020 ERROR [main] com.sap.jpaas.infrastructure.console.ConsoleLogger: Connection timed out: connect
com.sap.jpaas.infrastructure.console.exception.CommandException: Connection timed out: connect
	at com.sap.jpaas.infrastructure.console.VersionValidityCheckProvider.getVersionValidityCheckResult(VersionValidityCheckProvider.java:77)
	at com.sap.jpaas.infrastructure.console.command.UnsecuredRemoteCommand.blockingOptimizedCheck(UnsecuredRemoteCommand.java:129)
	at com.sap.jpaas.infrastructure.console.command.UnsecuredRemoteCommand.performVersionValidityCheck(UnsecuredRemoteCommand.java:76)
	at com.sap.jpaas.infrastructure.console.command.UnsecuredRemoteCommand.initWithHostOnlyCheck(UnsecuredRemoteCommand.java:69)
	at com.sap.jpaas.infrastructure.console.command.RemoteCommand.initWithNoPasswordCheck(RemoteCommand.java:46)
	at com.sap.core.admin.server.domain.cmd.compute.GCUBaseCommand.init(GCUBaseCommand.java:30)
	at com.sap.core.admin.server.domain.cmd.compute.GCUBaseServerCommand.init(GCUBaseServerCommand.java:24)
	at com.sap.jpaas.infrastructure.console.CommandManager.run(CommandManager.java:171)
	at com.sap.jpaas.infrastructure.console.CommandManager.run(CommandManager.java:144)
	at com.sap.jpaas.infrastructure.console.ConsoleClient.executeCommand(ConsoleClient.java:236)
	at com.sap.jpaas.infrastructure.console.ConsoleClient.run(ConsoleClient.java:182)
	at com.sap.jpaas.infrastructure.console.ConsoleClient.main(ConsoleClient.java:79)
Caused by: java.net.ConnectException: Connection timed out: connect
	at java.net.DualStackPlainSocketImpl.connect0(Native Method)
	at java.net.DualStackPlainSocketImpl.socketConnect(DualStackPlainSocketImpl.java:79)
	at java.net.AbstractPlainSocketImpl.doConnect(AbstractPlainSocketImpl.java:350)
	at java.net.AbstractPlainSocketImpl.connectToAddress(AbstractPlainSocketImpl.java:206)
	at java.net.AbstractPlainSocketImpl.connect(AbstractPlainSocketImpl.java:188)
	at java.net.PlainSocketImpl.connect(PlainSocketImpl.java:172)
	at java.net.SocksSocketImpl.connect(SocksSocketImpl.java:392)
	at java.net.Socket.connect(Socket.java:589)
	at sun.security.ssl.SSLSocketImpl.connect(SSLSocketImpl.java:668)
	at org.apache.http.conn.ssl.SSLSocketFactory.connectSocket(SSLSocketFactory.java:524)
	at org.apache.http.conn.ssl.SSLSocketFactory.connectSocket(SSLSocketFactory.java:403)
	at org.apache.http.impl.conn.DefaultClientConnectionOperator.openConnection(DefaultClientConnectionOperator.java:177)
	at org.apache.http.impl.conn.AbstractPoolEntry.open(AbstractPoolEntry.java:144)
	at org.apache.http.impl.conn.AbstractPooledConnAdapter.open(AbstractPooledConnAdapter.java:131)
	at org.apache.http.impl.client.DefaultRequestDirector.tryConnect(DefaultRequestDirector.java:611)
	at org.apache.http.impl.client.DefaultRequestDirector.execute(DefaultRequestDirector.java:446)
	at org.apache.http.impl.client.AbstractHttpClient.doExecute(AbstractHttpClient.java:863)
	at org.apache.http.impl.client.CloseableHttpClient.execute(CloseableHttpClient.java:82)
	at org.apache.http.impl.client.CloseableHttpClient.execute(CloseableHttpClient.java:106)
	at org.apache.http.impl.client.CloseableHttpClient.execute(CloseableHttpClient.java:57)
	at com.sap.core.utils.sdk.status.SDKVersionStatusUtils.performCall(SDKVersionStatusUtils.java:217)
	at com.sap.core.utils.sdk.status.SDKVersionStatusUtils.getSupportedSDKVersions(SDKVersionStatusUtils.java:98)
	at com.sap.core.utils.sdk.status.SDKVersionStatusUtils.determineStatus(SDKVersionStatusUtils.java:71)
	at com.sap.jpaas.infrastructure.console.VersionValidityChecker.createNonOptimizedVvcResponse(VersionValidityChecker.java:98)
	at com.sap.jpaas.infrastructure.console.VersionValidityChecker.call(VersionValidityChecker.java:87)
	at com.sap.jpaas.infrastructure.console.VersionValidityChecker.call(VersionValidityChecker.java:21)
	at java.util.concurrent.FutureTask.run(FutureTask.java:266)
	at java.util.concurrent.ThreadPoolExecutor.runWorker(ThreadPoolExecutor.java:1142)
	at java.util.concurrent.ThreadPoolExecutor$Worker.run(ThreadPoolExecutor.java:617)
	at java.lang.Thread.run(Thread.java:745)
2017-01-09 08:38:21,037 INFO  [main] com.sap.jpaas.infrastructure.console.ConsoleLogger: Command [create-vm] init() finished for [32162] ms
2017-01-09 08:40:19,000 INFO  [main] com.sap.jpaas.infrastructure.console.ConsoleLogger: Command [create-vm] cleanup() finished for [1] ms
2017-01-09 08:40:19,004 FATAL [main] com.sap.jpaas.infrastructure.console.ConsoleLogger: (!) ERROR: Host [https://ap1.hana.ondemand.com] cannot be reached..
com.sap.jpaas.infrastructure.console.exception.CommandException: Host [https://ap1.hana.ondemand.com] cannot be reached..
	at com.sap.core.admin.server.domain.cmd.rest.BaseRestClient.checkHostValidity(BaseRestClient.java:128)
	at com.sap.core.admin.server.domain.cmd.rest.BaseRestClient.prepare(BaseRestClient.java:60)
	at com.sap.core.admin.server.domain.cmd.compute.ComputeRestClient.callRestAPI(ComputeRestClient.java:231)
	at com.sap.core.admin.server.domain.cmd.compute.CreateServerCommand.initialPasswordCheck(CreateServerCommand.java:112)
	at com.sap.core.admin.server.domain.cmd.compute.CreateServerCommand.run(CreateServerCommand.java:90)
	at com.sap.jpaas.infrastructure.console.CommandManager.run(CommandManager.java:183)
	at com.sap.jpaas.infrastructure.console.CommandManager.run(CommandManager.java:144)
	at com.sap.jpaas.infrastructure.console.ConsoleClient.executeCommand(ConsoleClient.java:236)
	at com.sap.jpaas.infrastructure.console.ConsoleClient.run(ConsoleClient.java:182)
	at com.sap.jpaas.infrastructure.console.ConsoleClient.main(ConsoleClient.java:79)
